<?xml version="1.0" encoding="UTF-8"?>
<testsuite xmlns:xsi="http://www.w3.org/2001/XMLSchema-instance" xsi:noNamespaceSchemaLocation="https://maven.apache.org/surefire/maven-surefire-plugin/xsd/surefire-test-report-3.0.xsd" version="3.0" name="uz.mh.messenger.MessengerApplicationTests" time="5.111" tests="1" errors="0" skipped="0" failures="0">
  <properties>
    <property name="java.specification.version" value="19"/>
    <property name="sun.jnu.encoding" value="UTF-8"/>
    <property name="java.class.path" value="/home/mukhammad/Desktop/projects/messenger/target/test-classes:/home/mukhammad/Desktop/projects/messenger/target/classes:/home/mukhammad/.m2/repository/com/google/code/gson/gson/2.10.1/gson-2.10.1.jar:/home/mukhammad/.m2/repository/org/modelmapper/modelmapper/3.2.0/modelmapper-3.2.0.jar:/home/mukhammad/.m2/repository/org/postgresql/postgresql/42.6.2/postgresql-42.6.2.jar:/home/mukhammad/.m2/repository/org/checkerframework/checker-qual/3.31.0/checker-qual-3.31.0.jar:/home/mukhammad/.m2/repository/org/springframework/boot/spring-boot-starter-data-jpa/3.1.10/spring-boot-starter-data-jpa-3.1.10.jar:/home/mukhammad/.m2/repository/org/springframework/boot/spring-boot-starter-aop/3.1.10/spring-boot-starter-aop-3.1.10.jar:/home/mukhammad/.m2/repository/org/springframework/spring-aop/6.0.18/spring-aop-6.0.18.jar:/home/mukhammad/.m2/repository/org/aspectj/aspectjweaver/1.9.21/aspectjweaver-1.9.21.jar:/home/mukhammad/.m2/repository/org/springframework/boot/spring-boot-starter-jdbc/3.1.10/spring-boot-starter-jdbc-3.1.10.jar:/home/mukhammad/.m2/repository/com/zaxxer/HikariCP/5.0.1/HikariCP-5.0.1.jar:/home/mukhammad/.m2/repository/org/springframework/spring-jdbc/6.0.18/spring-jdbc-6.0.18.jar:/home/mukhammad/.m2/repository/org/hibernate/orm/hibernate-core/6.2.22.Final/hibernate-core-6.2.22.Final.jar:/home/mukhammad/.m2/repository/jakarta/persistence/jakarta.persistence-api/3.1.0/jakarta.persistence-api-3.1.0.jar:/home/mukhammad/.m2/repository/jakarta/transaction/jakarta.transaction-api/2.0.1/jakarta.transaction-api-2.0.1.jar:/home/mukhammad/.m2/repository/org/jboss/logging/jboss-logging/3.5.3.Final/jboss-logging-3.5.3.Final.jar:/home/mukhammad/.m2/repository/org/hibernate/common/hibernate-commons-annotations/6.0.6.Final/hibernate-commons-annotations-6.0.6.Final.jar:/home/mukhammad/.m2/repository/io/smallrye/jandex/3.0.5/jandex-3.0.5.jar:/home/mukhammad/.m2/repository/com/fasterxml/classmate/1.5.1/classmate-1.5.1.jar:/home/mukhammad/.m2/repository/net/bytebuddy/byte-buddy/1.14.12/byte-buddy-1.14.12.jar:/home/mukhammad/.m2/repository/org/glassfish/jaxb/jaxb-runtime/4.0.5/jaxb-runtime-4.0.5.jar:/home/mukhammad/.m2/repository/org/glassfish/jaxb/jaxb-core/4.0.5/jaxb-core-4.0.5.jar:/home/mukhammad/.m2/repository/org/eclipse/angus/angus-activation/2.0.2/angus-activation-2.0.2.jar:/home/mukhammad/.m2/repository/org/glassfish/jaxb/txw2/4.0.5/txw2-4.0.5.jar:/home/mukhammad/.m2/repository/com/sun/istack/istack-commons-runtime/4.1.2/istack-commons-runtime-4.1.2.jar:/home/mukhammad/.m2/repository/jakarta/inject/jakarta.inject-api/2.0.1/jakarta.inject-api-2.0.1.jar:/home/mukhammad/.m2/repository/org/antlr/antlr4-runtime/4.10.1/antlr4-runtime-4.10.1.jar:/home/mukhammad/.m2/repository/org/springframework/data/spring-data-jpa/3.1.10/spring-data-jpa-3.1.10.jar:/home/mukhammad/.m2/repository/org/springframework/data/spring-data-commons/3.1.10/spring-data-commons-3.1.10.jar:/home/mukhammad/.m2/repository/org/springframework/spring-orm/6.0.18/spring-orm-6.0.18.jar:/home/mukhammad/.m2/repository/org/springframework/spring-context/6.0.18/spring-context-6.0.18.jar:/home/mukhammad/.m2/repository/org/springframework/spring-tx/6.0.18/spring-tx-6.0.18.jar:/home/mukhammad/.m2/repository/org/springframework/spring-beans/6.0.18/spring-beans-6.0.18.jar:/home/mukhammad/.m2/repository/jakarta/annotation/jakarta.annotation-api/2.1.1/jakarta.annotation-api-2.1.1.jar:/home/mukhammad/.m2/repository/org/springframework/spring-aspects/6.0.18/spring-aspects-6.0.18.jar:/home/mukhammad/.m2/repository/org/slf4j/slf4j-api/2.0.9/slf4j-api-2.0.9.jar:/home/mukhammad/.m2/repository/org/telegram/telegrambots/6.9.7.1/telegrambots-6.9.7.1.jar:/home/mukhammad/.m2/repository/org/telegram/telegrambots-meta/6.9.7.1/telegrambots-meta-6.9.7.1.jar:/home/mukhammad/.m2/repository/org/apache/commons/commons-lang3/3.12.0/commons-lang3-3.12.0.jar:/home/mukhammad/.m2/repository/com/fasterxml/jackson/datatype/jackson-datatype-jsr310/2.15.4/jackson-datatype-jsr310-2.15.4.jar:/home/mukhammad/.m2/repository/com/fasterxml/jackson/core/jackson-annotations/2.15.4/jackson-annotations-2.15.4.jar:/home/mukhammad/.m2/repository/com/fasterxml/jackson/jaxrs/jackson-jaxrs-json-provider/2.15.4/jackson-jaxrs-json-provider-2.15.4.jar:/home/mukhammad/.m2/repository/com/fasterxml/jackson/jaxrs/jackson-jaxrs-base/2.15.4/jackson-jaxrs-base-2.15.4.jar:/home/mukhammad/.m2/repository/com/fasterxml/jackson/module/jackson-module-jaxb-annotations/2.15.4/jackson-module-jaxb-annotations-2.15.4.jar:/home/mukhammad/.m2/repository/com/fasterxml/jackson/core/jackson-core/2.15.4/jackson-core-2.15.4.jar:/home/mukhammad/.m2/repository/com/fasterxml/jackson/core/jackson-databind/2.15.4/jackson-databind-2.15.4.jar:/home/mukhammad/.m2/repository/org/glassfish/jersey/inject/jersey-hk2/3.1.5/jersey-hk2-3.1.5.jar:/home/mukhammad/.m2/repository/org/glassfish/jersey/core/jersey-common/3.1.5/jersey-common-3.1.5.jar:/home/mukhammad/.m2/repository/org/glassfish/hk2/osgi-resource-locator/1.0.3/osgi-resource-locator-1.0.3.jar:/home/mukhammad/.m2/repository/org/glassfish/hk2/hk2-locator/3.0.5/hk2-locator-3.0.5.jar:/home/mukhammad/.m2/repository/org/glassfish/hk2/external/aopalliance-repackaged/3.0.5/aopalliance-repackaged-3.0.5.jar:/home/mukhammad/.m2/repository/org/glassfish/hk2/hk2-api/3.0.5/hk2-api-3.0.5.jar:/home/mukhammad/.m2/repository/org/glassfish/hk2/hk2-utils/3.0.5/hk2-utils-3.0.5.jar:/home/mukhammad/.m2/repository/org/javassist/javassist/3.29.2-GA/javassist-3.29.2-GA.jar:/home/mukhammad/.m2/repository/org/glassfish/jersey/media/jersey-media-json-jackson/3.1.5/jersey-media-json-jackson-3.1.5.jar:/home/mukhammad/.m2/repository/org/glassfish/jersey/ext/jersey-entity-filtering/3.1.5/jersey-entity-filtering-3.1.5.jar:/home/mukhammad/.m2/repository/com/fasterxml/jackson/module/jackson-module-jakarta-xmlbind-annotations/2.15.4/jackson-module-jakarta-xmlbind-annotations-2.15.4.jar:/home/mukhammad/.m2/repository/org/glassfish/jersey/containers/jersey-container-grizzly2-http/3.1.5/jersey-container-grizzly2-http-3.1.5.jar:/home/mukhammad/.m2/repository/org/glassfish/grizzly/grizzly-http-server/4.0.1/grizzly-http-server-4.0.1.jar:/home/mukhammad/.m2/repository/org/glassfish/grizzly/grizzly-http/4.0.1/grizzly-http-4.0.1.jar:/home/mukhammad/.m2/repository/org/glassfish/grizzly/grizzly-framework/4.0.1/grizzly-framework-4.0.1.jar:/home/mukhammad/.m2/repository/jakarta/ws/rs/jakarta.ws.rs-api/3.1.0/jakarta.ws.rs-api-3.1.0.jar:/home/mukhammad/.m2/repository/org/glassfish/jersey/core/jersey-server/3.1.5/jersey-server-3.1.5.jar:/home/mukhammad/.m2/repository/org/glassfish/jersey/core/jersey-client/3.1.5/jersey-client-3.1.5.jar:/home/mukhammad/.m2/repository/jakarta/validation/jakarta.validation-api/3.0.2/jakarta.validation-api-3.0.2.jar:/home/mukhammad/.m2/repository/org/apache/httpcomponents/httpclient/4.5.14/httpclient-4.5.14.jar:/home/mukhammad/.m2/repository/org/apache/httpcomponents/httpcore/4.4.16/httpcore-4.4.16.jar:/home/mukhammad/.m2/repository/commons-logging/commons-logging/1.2/commons-logging-1.2.jar:/home/mukhammad/.m2/repository/commons-codec/commons-codec/1.15/commons-codec-1.15.jar:/home/mukhammad/.m2/repository/org/apache/httpcomponents/httpmime/4.5.14/httpmime-4.5.14.jar:/home/mukhammad/.m2/repository/commons-io/commons-io/2.15.1/commons-io-2.15.1.jar:/home/mukhammad/.m2/repository/org/springdoc/springdoc-openapi-starter-webmvc-ui/2.2.0/springdoc-openapi-starter-webmvc-ui-2.2.0.jar:/home/mukhammad/.m2/repository/org/springdoc/springdoc-openapi-starter-webmvc-api/2.2.0/springdoc-openapi-starter-webmvc-api-2.2.0.jar:/home/mukhammad/.m2/repository/org/springdoc/springdoc-openapi-starter-common/2.2.0/springdoc-openapi-starter-common-2.2.0.jar:/home/mukhammad/.m2/repository/io/swagger/core/v3/swagger-core-jakarta/2.2.15/swagger-core-jakarta-2.2.15.jar:/home/mukhammad/.m2/repository/io/swagger/core/v3/swagger-annotations-jakarta/2.2.15/swagger-annotations-jakarta-2.2.15.jar:/home/mukhammad/.m2/repository/io/swagger/core/v3/swagger-models-jakarta/2.2.15/swagger-models-jakarta-2.2.15.jar:/home/mukhammad/.m2/repository/com/fasterxml/jackson/dataformat/jackson-dataformat-yaml/2.15.4/jackson-dataformat-yaml-2.15.4.jar:/home/mukhammad/.m2/repository/org/webjars/swagger-ui/5.2.0/swagger-ui-5.2.0.jar:/home/mukhammad/.m2/repository/ca/denisab85/tdlib/v1.8.8-20221107/tdlib-v1.8.8-20221107.jar:/home/mukhammad/.m2/repository/it/tdlight/tdlight-java/3.1.4+td.1.8.17/tdlight-java-3.1.4+td.1.8.17.jar:/home/mukhammad/.m2/repository/org/reactivestreams/reactive-streams/1.0.4/reactive-streams-1.0.4.jar:/home/mukhammad/.m2/repository/io/atlassian/util/concurrent/atlassian-util-concurrent/4.0.1/atlassian-util-concurrent-4.0.1.jar:/home/mukhammad/.m2/repository/it/tdlight/tdlight-api/4.0.452/tdlight-api-4.0.452-legacy.jar:/home/mukhammad/.m2/repository/it/tdlight/tdlight-api/4.0.452/tdlight-api-4.0.452.jar:/home/mukhammad/.m2/repository/it/tdlight/tdlight-natives/4.0.482/tdlight-natives-4.0.482-linux_amd64_gnu_ssl1.jar:/home/mukhammad/.m2/repository/org/springframework/boot/spring-boot-starter-web/3.1.10/spring-boot-starter-web-3.1.10.jar:/home/mukhammad/.m2/repository/org/springframework/boot/spring-boot-starter/3.1.10/spring-boot-starter-3.1.10.jar:/home/mukhammad/.m2/repository/org/springframework/boot/spring-boot/3.1.10/spring-boot-3.1.10.jar:/home/mukhammad/.m2/repository/org/springframework/boot/spring-boot-autoconfigure/3.1.10/spring-boot-autoconfigure-3.1.10.jar:/home/mukhammad/.m2/repository/org/springframework/boot/spring-boot-starter-logging/3.1.10/spring-boot-starter-logging-3.1.10.jar:/home/mukhammad/.m2/repository/ch/qos/logback/logback-classic/1.4.14/logback-classic-1.4.14.jar:/home/mukhammad/.m2/repository/ch/qos/logback/logback-core/1.4.14/logback-core-1.4.14.jar:/home/mukhammad/.m2/repository/org/apache/logging/log4j/log4j-to-slf4j/2.20.0/log4j-to-slf4j-2.20.0.jar:/home/mukhammad/.m2/repository/org/apache/logging/log4j/log4j-api/2.20.0/log4j-api-2.20.0.jar:/home/mukhammad/.m2/repository/org/slf4j/jul-to-slf4j/2.0.12/jul-to-slf4j-2.0.12.jar:/home/mukhammad/.m2/repository/org/yaml/snakeyaml/1.33/snakeyaml-1.33.jar:/home/mukhammad/.m2/repository/org/springframework/boot/spring-boot-starter-json/3.1.10/spring-boot-starter-json-3.1.10.jar:/home/mukhammad/.m2/repository/com/fasterxml/jackson/datatype/jackson-datatype-jdk8/2.15.4/jackson-datatype-jdk8-2.15.4.jar:/home/mukhammad/.m2/repository/com/fasterxml/jackson/module/jackson-module-parameter-names/2.15.4/jackson-module-parameter-names-2.15.4.jar:/home/mukhammad/.m2/repository/org/springframework/boot/spring-boot-starter-tomcat/3.1.10/spring-boot-starter-tomcat-3.1.10.jar:/home/mukhammad/.m2/repository/org/apache/tomcat/embed/tomcat-embed-core/10.1.19/tomcat-embed-core-10.1.19.jar:/home/mukhammad/.m2/repository/org/apache/tomcat/embed/tomcat-embed-el/10.1.19/tomcat-embed-el-10.1.19.jar:/home/mukhammad/.m2/repository/org/apache/tomcat/embed/tomcat-embed-websocket/10.1.19/tomcat-embed-websocket-10.1.19.jar:/home/mukhammad/.m2/repository/org/springframework/spring-web/6.0.18/spring-web-6.0.18.jar:/home/mukhammad/.m2/repository/io/micrometer/micrometer-observation/1.11.10/micrometer-observation-1.11.10.jar:/home/mukhammad/.m2/repository/io/micrometer/micrometer-commons/1.11.10/micrometer-commons-1.11.10.jar:/home/mukhammad/.m2/repository/org/springframework/spring-webmvc/6.0.18/spring-webmvc-6.0.18.jar:/home/mukhammad/.m2/repository/org/springframework/spring-expression/6.0.18/spring-expression-6.0.18.jar:/home/mukhammad/.m2/repository/org/projectlombok/lombok/1.18.30/lombok-1.18.30.jar:/home/mukhammad/.m2/repository/org/springframework/boot/spring-boot-starter-test/3.1.10/spring-boot-starter-test-3.1.10.jar:/home/mukhammad/.m2/repository/org/springframework/boot/spring-boot-test/3.1.10/spring-boot-test-3.1.10.jar:/home/mukhammad/.m2/repository/org/springframework/boot/spring-boot-test-autoconfigure/3.1.10/spring-boot-test-autoconfigure-3.1.10.jar:/home/mukhammad/.m2/repository/com/jayway/jsonpath/json-path/2.9.0/json-path-2.9.0.jar:/home/mukhammad/.m2/repository/jakarta/xml/bind/jakarta.xml.bind-api/4.0.2/jakarta.xml.bind-api-4.0.2.jar:/home/mukhammad/.m2/repository/jakarta/activation/jakarta.activation-api/2.1.3/jakarta.activation-api-2.1.3.jar:/home/mukhammad/.m2/repository/net/minidev/json-smart/2.4.11/json-smart-2.4.11.jar:/home/mukhammad/.m2/repository/net/minidev/accessors-smart/2.4.11/accessors-smart-2.4.11.jar:/home/mukhammad/.m2/repository/org/ow2/asm/asm/9.3/asm-9.3.jar:/home/mukhammad/.m2/repository/org/assertj/assertj-core/3.24.2/assertj-core-3.24.2.jar:/home/mukhammad/.m2/repository/org/hamcrest/hamcrest/2.2/hamcrest-2.2.jar:/home/mukhammad/.m2/repository/org/junit/jupiter/junit-jupiter/5.9.3/junit-jupiter-5.9.3.jar:/home/mukhammad/.m2/repository/org/junit/jupiter/junit-jupiter-api/5.9.3/junit-jupiter-api-5.9.3.jar:/home/mukhammad/.m2/repository/org/opentest4j/opentest4j/1.2.0/opentest4j-1.2.0.jar:/home/mukhammad/.m2/repository/org/junit/platform/junit-platform-commons/1.9.3/junit-platform-commons-1.9.3.jar:/home/mukhammad/.m2/repository/org/apiguardian/apiguardian-api/1.1.2/apiguardian-api-1.1.2.jar:/home/mukhammad/.m2/repository/org/junit/jupiter/junit-jupiter-params/5.9.3/junit-jupiter-params-5.9.3.jar:/home/mukhammad/.m2/repository/org/junit/jupiter/junit-jupiter-engine/5.9.3/junit-jupiter-engine-5.9.3.jar:/home/mukhammad/.m2/repository/org/junit/platform/junit-platform-engine/1.9.3/junit-platform-engine-1.9.3.jar:/home/mukhammad/.m2/repository/org/mockito/mockito-core/5.3.1/mockito-core-5.3.1.jar:/home/mukhammad/.m2/repository/net/bytebuddy/byte-buddy-agent/1.14.12/byte-buddy-agent-1.14.12.jar:/home/mukhammad/.m2/repository/org/objenesis/objenesis/3.3/objenesis-3.3.jar:/home/mukhammad/.m2/repository/org/mockito/mockito-junit-jupiter/5.3.1/mockito-junit-jupiter-5.3.1.jar:/home/mukhammad/.m2/repository/org/skyscreamer/jsonassert/1.5.1/jsonassert-1.5.1.jar:/home/mukhammad/.m2/repository/com/vaadin/external/google/android-json/0.0.20131108.vaadin1/android-json-0.0.20131108.vaadin1.jar:/home/mukhammad/.m2/repository/org/springframework/spring-core/6.0.18/spring-core-6.0.18.jar:/home/mukhammad/.m2/repository/org/springframework/spring-jcl/6.0.18/spring-jcl-6.0.18.jar:/home/mukhammad/.m2/repository/org/springframework/spring-test/6.0.18/spring-test-6.0.18.jar:/home/mukhammad/.m2/repository/org/xmlunit/xmlunit-core/2.9.1/xmlunit-core-2.9.1.jar:"/>
    <property name="java.vm.vendor" value="Oracle Corporation"/>
    <property name="sun.arch.data.model" value="64"/>
    <property name="swing.aatext" value="true"/>
    <property name="java.vendor.url" value="https://java.oracle.com/"/>
    <property name="user.timezone" value="Asia/Tashkent"/>
    <property name="org.jboss.logging.provider" value="slf4j"/>
    <property name="os.name" value="Linux"/>
    <property name="java.vm.specification.version" value="19"/>
    <property name="sun.java.launcher" value="SUN_STANDARD"/>
    <property name="user.country" value="US"/>
    <property name="sun.boot.library.path" value="/home/mukhammad/.jdks/openjdk-19.0.2/lib"/>
    <property name="sun.java.command" value="/home/mukhammad/Desktop/projects/messenger/target/surefire/surefirebooter-20240417165020945_3.jar /home/mukhammad/Desktop/projects/messenger/target/surefire 2024-04-17T16-50-20_871-jvmRun1 surefire-20240417165020945_1tmp surefire_0-20240417165020945_2tmp"/>
    <property name="jdk.debug" value="release"/>
    <property name="surefire.test.class.path" value="/home/mukhammad/Desktop/projects/messenger/target/test-classes:/home/mukhammad/Desktop/projects/messenger/target/classes:/home/mukhammad/.m2/repository/com/google/code/gson/gson/2.10.1/gson-2.10.1.jar:/home/mukhammad/.m2/repository/org/modelmapper/modelmapper/3.2.0/modelmapper-3.2.0.jar:/home/mukhammad/.m2/repository/org/postgresql/postgresql/42.6.2/postgresql-42.6.2.jar:/home/mukhammad/.m2/repository/org/checkerframework/checker-qual/3.31.0/checker-qual-3.31.0.jar:/home/mukhammad/.m2/repository/org/springframework/boot/spring-boot-starter-data-jpa/3.1.10/spring-boot-starter-data-jpa-3.1.10.jar:/home/mukhammad/.m2/repository/org/springframework/boot/spring-boot-starter-aop/3.1.10/spring-boot-starter-aop-3.1.10.jar:/home/mukhammad/.m2/repository/org/springframework/spring-aop/6.0.18/spring-aop-6.0.18.jar:/home/mukhammad/.m2/repository/org/aspectj/aspectjweaver/1.9.21/aspectjweaver-1.9.21.jar:/home/mukhammad/.m2/repository/org/springframework/boot/spring-boot-starter-jdbc/3.1.10/spring-boot-starter-jdbc-3.1.10.jar:/home/mukhammad/.m2/repository/com/zaxxer/HikariCP/5.0.1/HikariCP-5.0.1.jar:/home/mukhammad/.m2/repository/org/springframework/spring-jdbc/6.0.18/spring-jdbc-6.0.18.jar:/home/mukhammad/.m2/repository/org/hibernate/orm/hibernate-core/6.2.22.Final/hibernate-core-6.2.22.Final.jar:/home/mukhammad/.m2/repository/jakarta/persistence/jakarta.persistence-api/3.1.0/jakarta.persistence-api-3.1.0.jar:/home/mukhammad/.m2/repository/jakarta/transaction/jakarta.transaction-api/2.0.1/jakarta.transaction-api-2.0.1.jar:/home/mukhammad/.m2/repository/org/jboss/logging/jboss-logging/3.5.3.Final/jboss-logging-3.5.3.Final.jar:/home/mukhammad/.m2/repository/org/hibernate/common/hibernate-commons-annotations/6.0.6.Final/hibernate-commons-annotations-6.0.6.Final.jar:/home/mukhammad/.m2/repository/io/smallrye/jandex/3.0.5/jandex-3.0.5.jar:/home/mukhammad/.m2/repository/com/fasterxml/classmate/1.5.1/classmate-1.5.1.jar:/home/mukhammad/.m2/repository/net/bytebuddy/byte-buddy/1.14.12/byte-buddy-1.14.12.jar:/home/mukhammad/.m2/repository/org/glassfish/jaxb/jaxb-runtime/4.0.5/jaxb-runtime-4.0.5.jar:/home/mukhammad/.m2/repository/org/glassfish/jaxb/jaxb-core/4.0.5/jaxb-core-4.0.5.jar:/home/mukhammad/.m2/repository/org/eclipse/angus/angus-activation/2.0.2/angus-activation-2.0.2.jar:/home/mukhammad/.m2/repository/org/glassfish/jaxb/txw2/4.0.5/txw2-4.0.5.jar:/home/mukhammad/.m2/repository/com/sun/istack/istack-commons-runtime/4.1.2/istack-commons-runtime-4.1.2.jar:/home/mukhammad/.m2/repository/jakarta/inject/jakarta.inject-api/2.0.1/jakarta.inject-api-2.0.1.jar:/home/mukhammad/.m2/repository/org/antlr/antlr4-runtime/4.10.1/antlr4-runtime-4.10.1.jar:/home/mukhammad/.m2/repository/org/springframework/data/spring-data-jpa/3.1.10/spring-data-jpa-3.1.10.jar:/home/mukhammad/.m2/repository/org/springframework/data/spring-data-commons/3.1.10/spring-data-commons-3.1.10.jar:/home/mukhammad/.m2/repository/org/springframework/spring-orm/6.0.18/spring-orm-6.0.18.jar:/home/mukhammad/.m2/repository/org/springframework/spring-context/6.0.18/spring-context-6.0.18.jar:/home/mukhammad/.m2/repository/org/springframework/spring-tx/6.0.18/spring-tx-6.0.18.jar:/home/mukhammad/.m2/repository/org/springframework/spring-beans/6.0.18/spring-beans-6.0.18.jar:/home/mukhammad/.m2/repository/jakarta/annotation/jakarta.annotation-api/2.1.1/jakarta.annotation-api-2.1.1.jar:/home/mukhammad/.m2/repository/org/springframework/spring-aspects/6.0.18/spring-aspects-6.0.18.jar:/home/mukhammad/.m2/repository/org/slf4j/slf4j-api/2.0.9/slf4j-api-2.0.9.jar:/home/mukhammad/.m2/repository/org/telegram/telegrambots/6.9.7.1/telegrambots-6.9.7.1.jar:/home/mukhammad/.m2/repository/org/telegram/telegrambots-meta/6.9.7.1/telegrambots-meta-6.9.7.1.jar:/home/mukhammad/.m2/repository/org/apache/commons/commons-lang3/3.12.0/commons-lang3-3.12.0.jar:/home/mukhammad/.m2/repository/com/fasterxml/jackson/datatype/jackson-datatype-jsr310/2.15.4/jackson-datatype-jsr310-2.15.4.jar:/home/mukhammad/.m2/repository/com/fasterxml/jackson/core/jackson-annotations/2.15.4/jackson-annotations-2.15.4.jar:/home/mukhammad/.m2/repository/com/fasterxml/jackson/jaxrs/jackson-jaxrs-json-provider/2.15.4/jackson-jaxrs-json-provider-2.15.4.jar:/home/mukhammad/.m2/repository/com/fasterxml/jackson/jaxrs/jackson-jaxrs-base/2.15.4/jackson-jaxrs-base-2.15.4.jar:/home/mukhammad/.m2/repository/com/fasterxml/jackson/module/jackson-module-jaxb-annotations/2.15.4/jackson-module-jaxb-annotations-2.15.4.jar:/home/mukhammad/.m2/repository/com/fasterxml/jackson/core/jackson-core/2.15.4/jackson-core-2.15.4.jar:/home/mukhammad/.m2/repository/com/fasterxml/jackson/core/jackson-databind/2.15.4/jackson-databind-2.15.4.jar:/home/mukhammad/.m2/repository/org/glassfish/jersey/inject/jersey-hk2/3.1.5/jersey-hk2-3.1.5.jar:/home/mukhammad/.m2/repository/org/glassfish/jersey/core/jersey-common/3.1.5/jersey-common-3.1.5.jar:/home/mukhammad/.m2/repository/org/glassfish/hk2/osgi-resource-locator/1.0.3/osgi-resource-locator-1.0.3.jar:/home/mukhammad/.m2/repository/org/glassfish/hk2/hk2-locator/3.0.5/hk2-locator-3.0.5.jar:/home/mukhammad/.m2/repository/org/glassfish/hk2/external/aopalliance-repackaged/3.0.5/aopalliance-repackaged-3.0.5.jar:/home/mukhammad/.m2/repository/org/glassfish/hk2/hk2-api/3.0.5/hk2-api-3.0.5.jar:/home/mukhammad/.m2/repository/org/glassfish/hk2/hk2-utils/3.0.5/hk2-utils-3.0.5.jar:/home/mukhammad/.m2/repository/org/javassist/javassist/3.29.2-GA/javassist-3.29.2-GA.jar:/home/mukhammad/.m2/repository/org/glassfish/jersey/media/jersey-media-json-jackson/3.1.5/jersey-media-json-jackson-3.1.5.jar:/home/mukhammad/.m2/repository/org/glassfish/jersey/ext/jersey-entity-filtering/3.1.5/jersey-entity-filtering-3.1.5.jar:/home/mukhammad/.m2/repository/com/fasterxml/jackson/module/jackson-module-jakarta-xmlbind-annotations/2.15.4/jackson-module-jakarta-xmlbind-annotations-2.15.4.jar:/home/mukhammad/.m2/repository/org/glassfish/jersey/containers/jersey-container-grizzly2-http/3.1.5/jersey-container-grizzly2-http-3.1.5.jar:/home/mukhammad/.m2/repository/org/glassfish/grizzly/grizzly-http-server/4.0.1/grizzly-http-server-4.0.1.jar:/home/mukhammad/.m2/repository/org/glassfish/grizzly/grizzly-http/4.0.1/grizzly-http-4.0.1.jar:/home/mukhammad/.m2/repository/org/glassfish/grizzly/grizzly-framework/4.0.1/grizzly-framework-4.0.1.jar:/home/mukhammad/.m2/repository/jakarta/ws/rs/jakarta.ws.rs-api/3.1.0/jakarta.ws.rs-api-3.1.0.jar:/home/mukhammad/.m2/repository/org/glassfish/jersey/core/jersey-server/3.1.5/jersey-server-3.1.5.jar:/home/mukhammad/.m2/repository/org/glassfish/jersey/core/jersey-client/3.1.5/jersey-client-3.1.5.jar:/home/mukhammad/.m2/repository/jakarta/validation/jakarta.validation-api/3.0.2/jakarta.validation-api-3.0.2.jar:/home/mukhammad/.m2/repository/org/apache/httpcomponents/httpclient/4.5.14/httpclient-4.5.14.jar:/home/mukhammad/.m2/repository/org/apache/httpcomponents/httpcore/4.4.16/httpcore-4.4.16.jar:/home/mukhammad/.m2/repository/commons-logging/commons-logging/1.2/commons-logging-1.2.jar:/home/mukhammad/.m2/repository/commons-codec/commons-codec/1.15/commons-codec-1.15.jar:/home/mukhammad/.m2/repository/org/apache/httpcomponents/httpmime/4.5.14/httpmime-4.5.14.jar:/home/mukhammad/.m2/repository/commons-io/commons-io/2.15.1/commons-io-2.15.1.jar:/home/mukhammad/.m2/repository/org/springdoc/springdoc-openapi-starter-webmvc-ui/2.2.0/springdoc-openapi-starter-webmvc-ui-2.2.0.jar:/home/mukhammad/.m2/repository/org/springdoc/springdoc-openapi-starter-webmvc-api/2.2.0/springdoc-openapi-starter-webmvc-api-2.2.0.jar:/home/mukhammad/.m2/repository/org/springdoc/springdoc-openapi-starter-common/2.2.0/springdoc-openapi-starter-common-2.2.0.jar:/home/mukhammad/.m2/repository/io/swagger/core/v3/swagger-core-jakarta/2.2.15/swagger-core-jakarta-2.2.15.jar:/home/mukhammad/.m2/repository/io/swagger/core/v3/swagger-annotations-jakarta/2.2.15/swagger-annotations-jakarta-2.2.15.jar:/home/mukhammad/.m2/repository/io/swagger/core/v3/swagger-models-jakarta/2.2.15/swagger-models-jakarta-2.2.15.jar:/home/mukhammad/.m2/repository/com/fasterxml/jackson/dataformat/jackson-dataformat-yaml/2.15.4/jackson-dataformat-yaml-2.15.4.jar:/home/mukhammad/.m2/repository/org/webjars/swagger-ui/5.2.0/swagger-ui-5.2.0.jar:/home/mukhammad/.m2/repository/ca/denisab85/tdlib/v1.8.8-20221107/tdlib-v1.8.8-20221107.jar:/home/mukhammad/.m2/repository/it/tdlight/tdlight-java/3.1.4+td.1.8.17/tdlight-java-3.1.4+td.1.8.17.jar:/home/mukhammad/.m2/repository/org/reactivestreams/reactive-streams/1.0.4/reactive-streams-1.0.4.jar:/home/mukhammad/.m2/repository/io/atlassian/util/concurrent/atlassian-util-concurrent/4.0.1/atlassian-util-concurrent-4.0.1.jar:/home/mukhammad/.m2/repository/it/tdlight/tdlight-api/4.0.452/tdlight-api-4.0.452-legacy.jar:/home/mukhammad/.m2/repository/it/tdlight/tdlight-api/4.0.452/tdlight-api-4.0.452.jar:/home/mukhammad/.m2/repository/it/tdlight/tdlight-natives/4.0.482/tdlight-natives-4.0.482-linux_amd64_gnu_ssl1.jar:/home/mukhammad/.m2/repository/org/springframework/boot/spring-boot-starter-web/3.1.10/spring-boot-starter-web-3.1.10.jar:/home/mukhammad/.m2/repository/org/springframework/boot/spring-boot-starter/3.1.10/spring-boot-starter-3.1.10.jar:/home/mukhammad/.m2/repository/org/springframework/boot/spring-boot/3.1.10/spring-boot-3.1.10.jar:/home/mukhammad/.m2/repository/org/springframework/boot/spring-boot-autoconfigure/3.1.10/spring-boot-autoconfigure-3.1.10.jar:/home/mukhammad/.m2/repository/org/springframework/boot/spring-boot-starter-logging/3.1.10/spring-boot-starter-logging-3.1.10.jar:/home/mukhammad/.m2/repository/ch/qos/logback/logback-classic/1.4.14/logback-classic-1.4.14.jar:/home/mukhammad/.m2/repository/ch/qos/logback/logback-core/1.4.14/logback-core-1.4.14.jar:/home/mukhammad/.m2/repository/org/apache/logging/log4j/log4j-to-slf4j/2.20.0/log4j-to-slf4j-2.20.0.jar:/home/mukhammad/.m2/repository/org/apache/logging/log4j/log4j-api/2.20.0/log4j-api-2.20.0.jar:/home/mukhammad/.m2/repository/org/slf4j/jul-to-slf4j/2.0.12/jul-to-slf4j-2.0.12.jar:/home/mukhammad/.m2/repository/org/yaml/snakeyaml/1.33/snakeyaml-1.33.jar:/home/mukhammad/.m2/repository/org/springframework/boot/spring-boot-starter-json/3.1.10/spring-boot-starter-json-3.1.10.jar:/home/mukhammad/.m2/repository/com/fasterxml/jackson/datatype/jackson-datatype-jdk8/2.15.4/jackson-datatype-jdk8-2.15.4.jar:/home/mukhammad/.m2/repository/com/fasterxml/jackson/module/jackson-module-parameter-names/2.15.4/jackson-module-parameter-names-2.15.4.jar:/home/mukhammad/.m2/repository/org/springframework/boot/spring-boot-starter-tomcat/3.1.10/spring-boot-starter-tomcat-3.1.10.jar:/home/mukhammad/.m2/repository/org/apache/tomcat/embed/tomcat-embed-core/10.1.19/tomcat-embed-core-10.1.19.jar:/home/mukhammad/.m2/repository/org/apache/tomcat/embed/tomcat-embed-el/10.1.19/tomcat-embed-el-10.1.19.jar:/home/mukhammad/.m2/repository/org/apache/tomcat/embed/tomcat-embed-websocket/10.1.19/tomcat-embed-websocket-10.1.19.jar:/home/mukhammad/.m2/repository/org/springframework/spring-web/6.0.18/spring-web-6.0.18.jar:/home/mukhammad/.m2/repository/io/micrometer/micrometer-observation/1.11.10/micrometer-observation-1.11.10.jar:/home/mukhammad/.m2/repository/io/micrometer/micrometer-commons/1.11.10/micrometer-commons-1.11.10.jar:/home/mukhammad/.m2/repository/org/springframework/spring-webmvc/6.0.18/spring-webmvc-6.0.18.jar:/home/mukhammad/.m2/repository/org/springframework/spring-expression/6.0.18/spring-expression-6.0.18.jar:/home/mukhammad/.m2/repository/org/projectlombok/lombok/1.18.30/lombok-1.18.30.jar:/home/mukhammad/.m2/repository/org/springframework/boot/spring-boot-starter-test/3.1.10/spring-boot-starter-test-3.1.10.jar:/home/mukhammad/.m2/repository/org/springframework/boot/spring-boot-test/3.1.10/spring-boot-test-3.1.10.jar:/home/mukhammad/.m2/repository/org/springframework/boot/spring-boot-test-autoconfigure/3.1.10/spring-boot-test-autoconfigure-3.1.10.jar:/home/mukhammad/.m2/repository/com/jayway/jsonpath/json-path/2.9.0/json-path-2.9.0.jar:/home/mukhammad/.m2/repository/jakarta/xml/bind/jakarta.xml.bind-api/4.0.2/jakarta.xml.bind-api-4.0.2.jar:/home/mukhammad/.m2/repository/jakarta/activation/jakarta.activation-api/2.1.3/jakarta.activation-api-2.1.3.jar:/home/mukhammad/.m2/repository/net/minidev/json-smart/2.4.11/json-smart-2.4.11.jar:/home/mukhammad/.m2/repository/net/minidev/accessors-smart/2.4.11/accessors-smart-2.4.11.jar:/home/mukhammad/.m2/repository/org/ow2/asm/asm/9.3/asm-9.3.jar:/home/mukhammad/.m2/repository/org/assertj/assertj-core/3.24.2/assertj-core-3.24.2.jar:/home/mukhammad/.m2/repository/org/hamcrest/hamcrest/2.2/hamcrest-2.2.jar:/home/mukhammad/.m2/repository/org/junit/jupiter/junit-jupiter/5.9.3/junit-jupiter-5.9.3.jar:/home/mukhammad/.m2/repository/org/junit/jupiter/junit-jupiter-api/5.9.3/junit-jupiter-api-5.9.3.jar:/home/mukhammad/.m2/repository/org/opentest4j/opentest4j/1.2.0/opentest4j-1.2.0.jar:/home/mukhammad/.m2/repository/org/junit/platform/junit-platform-commons/1.9.3/junit-platform-commons-1.9.3.jar:/home/mukhammad/.m2/repository/org/apiguardian/apiguardian-api/1.1.2/apiguardian-api-1.1.2.jar:/home/mukhammad/.m2/repository/org/junit/jupiter/junit-jupiter-params/5.9.3/junit-jupiter-params-5.9.3.jar:/home/mukhammad/.m2/repository/org/junit/jupiter/junit-jupiter-engine/5.9.3/junit-jupiter-engine-5.9.3.jar:/home/mukhammad/.m2/repository/org/junit/platform/junit-platform-engine/1.9.3/junit-platform-engine-1.9.3.jar:/home/mukhammad/.m2/repository/org/mockito/mockito-core/5.3.1/mockito-core-5.3.1.jar:/home/mukhammad/.m2/repository/net/bytebuddy/byte-buddy-agent/1.14.12/byte-buddy-agent-1.14.12.jar:/home/mukhammad/.m2/repository/org/objenesis/objenesis/3.3/objenesis-3.3.jar:/home/mukhammad/.m2/repository/org/mockito/mockito-junit-jupiter/5.3.1/mockito-junit-jupiter-5.3.1.jar:/home/mukhammad/.m2/repository/org/skyscreamer/jsonassert/1.5.1/jsonassert-1.5.1.jar:/home/mukhammad/.m2/repository/com/vaadin/external/google/android-json/0.0.20131108.vaadin1/android-json-0.0.20131108.vaadin1.jar:/home/mukhammad/.m2/repository/org/springframework/spring-core/6.0.18/spring-core-6.0.18.jar:/home/mukhammad/.m2/repository/org/springframework/spring-jcl/6.0.18/spring-jcl-6.0.18.jar:/home/mukhammad/.m2/repository/org/springframework/spring-test/6.0.18/spring-test-6.0.18.jar:/home/mukhammad/.m2/repository/org/xmlunit/xmlunit-core/2.9.1/xmlunit-core-2.9.1.jar:"/>
    <property name="sun.cpu.endian" value="little"/>
    <property name="user.home" value="/home/mukhammad"/>
    <property name="user.language" value="en"/>
    <property name="java.specification.vendor" value="Oracle Corporation"/>
    <property name="java.version.date" value="2023-01-17"/>
    <property name="java.home" value="/home/mukhammad/.jdks/openjdk-19.0.2"/>
    <property name="file.separator" value="/"/>
    <property name="basedir" value="/home/mukhammad/Desktop/projects/messenger"/>
    <property name="java.vm.compressedOopsMode" value="32-bit"/>
    <property name="line.separator" value="&#10;"/>
    <property name="java.vm.specification.vendor" value="Oracle Corporation"/>
    <property name="java.specification.name" value="Java Platform API Specification"/>
    <property name="FILE_LOG_CHARSET" value="UTF-8"/>
    <property name="java.awt.headless" value="true"/>
    <property name="surefire.real.class.path" value="/home/mukhammad/Desktop/projects/messenger/target/surefire/surefirebooter-20240417165020945_3.jar"/>
    <property name="awt.useSystemAAFontSettings" value="on"/>
    <property name="sun.management.compiler" value="HotSpot 64-Bit Tiered Compilers"/>
    <property name="java.runtime.version" value="19.0.2+7-44"/>
    <property name="user.name" value="mukhammad"/>
    <property name="stdout.encoding" value="UTF-8"/>
    <property name="path.separator" value=":"/>
    <property name="os.version" value="6.5.0-kali2-amd64"/>
    <property name="java.runtime.name" value="OpenJDK Runtime Environment"/>
    <property name="file.encoding" value="UTF-8"/>
    <property name="java.vm.name" value="OpenJDK 64-Bit Server VM"/>
    <property name="localRepository" value="/home/mukhammad/.m2/repository"/>
    <property name="java.vendor.url.bug" value="https://bugreport.java.com/bugreport/"/>
    <property name="java.io.tmpdir" value="/tmp"/>
    <property name="idea.version" value="2022.3.2"/>
    <property name="com.zaxxer.hikari.pool_number" value="1"/>
    <property name="java.version" value="19.0.2"/>
    <property name="user.dir" value="/home/mukhammad/Desktop/projects/messenger"/>
    <property name="os.arch" value="amd64"/>
    <property name="java.vm.specification.name" value="Java Virtual Machine Specification"/>
    <property name="PID" value="259560"/>
    <property name="CONSOLE_LOG_CHARSET" value="UTF-8"/>
    <property name="native.encoding" value="UTF-8"/>
    <property name="java.library.path" value="/usr/java/packages/lib:/usr/lib64:/lib64:/lib:/usr/lib"/>
    <property name="java.vm.info" value="mixed mode, sharing"/>
    <property name="stderr.encoding" value="UTF-8"/>
    <property name="java.vendor" value="Oracle Corporation"/>
    <property name="java.vm.version" value="19.0.2+7-44"/>
    <property name="sun.io.unicode.encoding" value="UnicodeLittle"/>
    <property name="java.class.version" value="63.0"/>
  </properties>
  <testcase name="contextLoads" classname="uz.mh.messenger.MessengerApplicationTests" time="0.406">
    <system-out><![CDATA[Standard Commons Logging discovery in action with spring-jcl: please remove commons-logging.jar from classpath in order to avoid potential conflicts
16:50:21.637 [main] INFO org.springframework.test.context.support.AnnotationConfigContextLoaderUtils -- Could not detect default configuration classes for test class [uz.mh.messenger.MessengerApplicationTests]: MessengerApplicationTests does not declare any static, non-private, non-final, nested classes annotated with @Configuration.
16:50:21.728 [main] INFO org.springframework.boot.test.context.SpringBootTestContextBootstrapper -- Found @SpringBootConfiguration uz.mh.messenger.MessengerApplication for test class uz.mh.messenger.MessengerApplicationTests

  .   ____          _            __ _ _
 /\\ / ___'_ __ _ _(_)_ __  __ _ \ \ \ \
( ( )\___ | '_ | '_| | '_ \/ _` | \ \ \ \
 \\/  ___)| |_)| | | | | || (_| |  ) ) ) )
  '  |____| .__|_| |_|_| |_\__, | / / / /
 =========|_|==============|___/=/_/_/_/
 :: Spring Boot ::               (v3.1.10)

2024-04-17T16:50:22.150+05:00  INFO 259560 --- [           main] u.m.messenger.MessengerApplicationTests  : Starting MessengerApplicationTests using Java 19.0.2 with PID 259560 (started by mukhammad in /home/mukhammad/Desktop/projects/messenger)
2024-04-17T16:50:22.151+05:00  INFO 259560 --- [           main] u.m.messenger.MessengerApplicationTests  : No active profile set, falling back to 1 default profile: "default"
2024-04-17T16:50:23.080+05:00  INFO 259560 --- [           main] .s.d.r.c.RepositoryConfigurationDelegate : Bootstrapping Spring Data JPA repositories in DEFAULT mode.
2024-04-17T16:50:23.118+05:00  INFO 259560 --- [           main] .s.d.r.c.RepositoryConfigurationDelegate : Finished Spring Data repository scanning in 33 ms. Found 1 JPA repository interface.
2024-04-17T16:50:23.473+05:00  INFO 259560 --- [           main] o.hibernate.jpa.internal.util.LogHelper  : HHH000204: Processing PersistenceUnitInfo [name: default]
2024-04-17T16:50:23.512+05:00  INFO 259560 --- [           main] org.hibernate.Version                    : HHH000412: Hibernate ORM core version 6.2.22.Final
2024-04-17T16:50:23.514+05:00  INFO 259560 --- [           main] org.hibernate.cfg.Environment            : HHH000406: Using bytecode reflection optimizer
2024-04-17T16:50:23.693+05:00  INFO 259560 --- [           main] o.s.o.j.p.SpringPersistenceUnitInfo      : No LoadTimeWeaver setup: ignoring JPA class transformer
2024-04-17T16:50:23.715+05:00  INFO 259560 --- [           main] com.zaxxer.hikari.HikariDataSource       : HikariPool-1 - Starting...
2024-04-17T16:50:24.064+05:00  INFO 259560 --- [           main] com.zaxxer.hikari.pool.HikariPool        : HikariPool-1 - Added connection org.postgresql.jdbc.PgConnection@16ea0f22
2024-04-17T16:50:24.065+05:00  INFO 259560 --- [           main] com.zaxxer.hikari.HikariDataSource       : HikariPool-1 - Start completed.
2024-04-17T16:50:24.751+05:00  INFO 259560 --- [           main] o.h.e.t.j.p.i.JtaPlatformInitiator       : HHH000489: No JTA platform available (set 'hibernate.transaction.jta.platform' to enable JTA platform integration)
2024-04-17T16:50:24.783+05:00  INFO 259560 --- [           main] j.LocalContainerEntityManagerFactoryBean : Initialized JPA EntityManagerFactory for persistence unit 'default'
2024-04-17T16:50:24.984+05:00  INFO 259560 --- [           main] o.s.d.j.r.query.QueryEnhancerFactory     : Hibernate is in classpath; If applicable, HQL parser will be used.
2024-04-17T16:50:25.796+05:00  WARN 259560 --- [           main] JpaBaseConfiguration$JpaWebConfiguration : spring.jpa.open-in-view is enabled by default. Therefore, database queries may be performed during view rendering. Explicitly configure spring.jpa.open-in-view to disable this warning
2024-04-17T16:50:26.166+05:00  INFO 259560 --- [           main] u.m.messenger.MessengerApplicationTests  : Started MessengerApplicationTests in 4.34 seconds (process running for 5.154)
]]></system-out>
  </testcase>
</testsuite>